Usb2-master/app/build/outputs/logs/manifest-merger-debug-report.txt
-- Merging decision tree log ---
manifest
ADDED from src\main\AndroidManifest.xml:2:1-116:12
INJECTED from src\main\AndroidManifest.xml:2:1-116:12
INJECTED from src\main\AndroidManifest.xml:2:1-116:12
INJECTED from src\main\AndroidManifest.xml:2:1-116:12
MERGED from [com.android.support:appcompat-v7:27.0.2] AndroidManifest.xml:17:1-22:12
MERGED from [:androidlua] AndroidManifest.xml:2:1-11:12
MERGED from [com.android.support:support-fragment:27.0.2] AndroidManifest.xml:17:1-22:12
MERGED from [com.android.support:support-core-utils:27.0.2] AndroidManifest.xml:17:1-22:12
MERGED from [com.android.support:animated-vector-drawable:27.0.2] AndroidManifest.xml:17:1-22:12
MERGED from [com.android.support:support-vector-drawable:27.0.2] AndroidManifest.xml:17:1-22:12
MERGED from [com.android.support:support-core-ui:27.0.2] AndroidManifest.xml:17:1-22:12
MERGED from [com.android.support:support-compat:27.0.2] AndroidManifest.xml:17:1-22:12
MERGED from [android.arch.lifecycle:runtime:1.0.3] AndroidManifest.xml:17:1-24:12
INJECTED from src\main\AndroidManifest.xml:2:1-116:12
INJECTED from src\main\AndroidManifest.xml:2:1-116:12
INJECTED from src\main\AndroidManifest.xml:2:1-116:12
	package
		ADDED from src\main\AndroidManifest.xml:3:5-28
		INJECTED from src\main\AndroidManifest.xml
		INJECTED from src\main\AndroidManifest.xml
	android:versionName
		INJECTED from src\main\AndroidManifest.xml
		ADDED from src\main\AndroidManifest.xml:2:1-116:12
		INJECTED from src\main\AndroidManifest.xml
	android:versionCode
		INJECTED from src\main\AndroidManifest.xml
		ADDED from src\main\AndroidManifest.xml:2:1-116:12
		INJECTED from src\main\AndroidManifest.xml
	xmlns:android
		ADDED from src\main\AndroidManifest.xml:2:11-69
uses-permission#android.permission.SYSTEM_ALERT_WINDOW
ADDED from src\main\AndroidManifest.xml:5:5-78
	android:name
		ADDED from src\main\AndroidManifest.xml:5:22-75
uses-permission#android.permission.SYSTEM_OVERLAY_WINDOW
ADDED from src\main\AndroidManifest.xml:6:5-80
	android:name
		ADDED from src\main\AndroidManifest.xml:6:22-77
uses-permission#android.permission.ACTION_MANAGE_OVERLAY_PERMISSION
ADDED from src\main\AndroidManifest.xml:7:5-91
	android:name
		ADDED from src\main\AndroidManifest.xml:7:22-88
uses-permission#android.permission.RECORD_AUDIO
ADDED from src\main\AndroidManifest.xml:9:5-71
	android:name
		ADDED from src\main\AndroidManifest.xml:9:22-68
uses-permission#android.permission.ACCESS_NETWORK_STATE
ADDED from src\main\AndroidManifest.xml:10:5-79
	android:name
		ADDED from src\main\AndroidManifest.xml:10:22-76
uses-permission#android.permission.INTERNET
ADDED from src\main\AndroidManifest.xml:11:5-67
	android:name
		ADDED from src\main\AndroidManifest.xml:11:22-64
uses-permission#android.permission.READ_PHONE_STATE
ADDED from src\main\AndroidManifest.xml:12:5-75
	android:name
		ADDED from src\main\AndroidManifest.xml:12:22-72
uses-permission#android.permission.WRITE_EXTERNAL_STORAGE
ADDED from src\main\AndroidManifest.xml:13:5-81
	android:name
		ADDED from src\main\AndroidManifest.xml:13:22-78
uses-permission#android.permission.ACCESS_WIFI_STATE
ADDED from src\main\AndroidManifest.xml:15:5-76
	android:name
		ADDED from src\main\AndroidManifest.xml:15:22-73
uses-permission#android.permission.CHANGE_WIFI_MULTICAST_STATE
ADDED from src\main\AndroidManifest.xml:16:5-86
	android:name
		ADDED from src\main\AndroidManifest.xml:16:22-83
uses-permission#android.permission.RECEIVE_BOOT_COMPLETED
ADDED from src\main\AndroidManifest.xml:17:5-81
	android:name
		ADDED from src\main\AndroidManifest.xml:17:22-78
uses-permission#android.permission.READ_EXTERNAL_STORAGE
ADDED from src\main\AndroidManifest.xml:18:5-80
	android:name
		ADDED from src\main\AndroidManifest.xml:18:22-77
uses-permission#android.permission.WRITE_SETTINGS
ADDED from src\main\AndroidManifest.xml:19:5-73
	android:name
		ADDED from src\main\AndroidManifest.xml:19:22-70
uses-permission#android.permission.MOUNT_UNMOUNT_FILESYSTEMS
ADDED from src\main\AndroidManifest.xml:20:5-84
	android:name
		ADDED from src\main\AndroidManifest.xml:20:22-81
uses-permission#android.permission.CHANGE_WIFI_STATE
ADDED from src\main\AndroidManifest.xml:21:5-76
	android:name
		ADDED from src\main\AndroidManifest.xml:21:22-73
uses-permission#android.permission.GET_TASKS
ADDED from src\main\AndroidManifest.xml:22:5-68
	android:name
		ADDED from src\main\AndroidManifest.xml:22:22-65
uses-permission#android.permission.RESTART_PACKAGES
ADDED from src\main\AndroidManifest.xml:23:5-75
	android:name
		ADDED from src\main\AndroidManifest.xml:23:22-72
uses-permission#android.permission.WAKE_LOCK
ADDED from src\main\AndroidManifest.xml:24:5-68
	android:name
		ADDED from src\main\AndroidManifest.xml:24:22-65
uses-permission#androd.permission.DISABLE_KEYGUARD
ADDED from src\main\AndroidManifest.xml:25:5-74
	android:name
		ADDED from src\main\AndroidManifest.xml:25:22-71
uses-permission#android.permission.READ_INTERNAL_STORAGE
ADDED from src\main\AndroidManifest.xml:26:5-80
	android:name
		ADDED from src\main\AndroidManifest.xml:26:22-77
uses-permission#android.permission.WRITE_INTERNAL_STORAGE
ADDED from src\main\AndroidManifest.xml:27:5-81
	android:name
		ADDED from src\main\AndroidManifest.xml:27:22-78
uses-permission#android.permission.MODIFY_AUDIO_SETTINGS
ADDED from src\main\AndroidManifest.xml:29:5-80
	android:name
		ADDED from src\main\AndroidManifest.xml:29:22-77
uses-feature#android.hardware.usb.host
ADDED from src\main\AndroidManifest.xml:32:5-34:35
	android:required
		ADDED from src\main\AndroidManifest.xml:34:9-32
	android:name
		ADDED from src\main\AndroidManifest.xml:33:9-49
application
ADDED from src\main\AndroidManifest.xml:36:5-114:19
	android:enabled
		ADDED from src\main\AndroidManifest.xml:38:9-31
	android:supportsRtl
		ADDED from src\main\AndroidManifest.xml:43:9-35
	android:label
		ADDED from src\main\AndroidManifest.xml:40:9-41
	android:roundIcon
		ADDED from src\main\AndroidManifest.xml:42:9-54
	android:persistent
		ADDED from src\main\AndroidManifest.xml:41:9-34
	android:icon
		ADDED from src\main\AndroidManifest.xml:39:9-43
	android:allowBackup
		ADDED from src\main\AndroidManifest.xml:37:9-35
	android:theme
		ADDED from src\main\AndroidManifest.xml:44:9-40
meta-data#com.baidu.speech.APP_ID
ADDED from src\main\AndroidManifest.xml:46:9-48:40
	android:value
		ADDED from src\main\AndroidManifest.xml:48:13-37
	android:name
		ADDED from src\main\AndroidManifest.xml:47:13-51
meta-data#com.baidu.speech.API_KEY
ADDED from src\main\AndroidManifest.xml:49:9-51:56
	android:value
		ADDED from src\main\AndroidManifest.xml:51:13-53
	android:name
		ADDED from src\main\AndroidManifest.xml:50:13-52
meta-data#com.baidu.speech.SECRET_KEY
ADDED from src\main\AndroidManifest.xml:52:9-54:64
	android:value
		ADDED from src\main\AndroidManifest.xml:54:13-61
	android:name
		ADDED from src\main\AndroidManifest.xml:53:13-55
activity#com.dyx.voice.activity.BaiDuActivity
ADDED from src\main\AndroidManifest.xml:56:9-61:20
	android:name
		ADDED from src\main\AndroidManifest.xml:56:19-57
intent-filter#action:name:android.intent.action.MAIN+category:name:android.intent.category.LAUNCHER
ADDED from src\main\AndroidManifest.xml:57:13-60:29
action#android.intent.action.MAIN
ADDED from src\main\AndroidManifest.xml:58:17-69
	android:name
		ADDED from src\main\AndroidManifest.xml:58:25-66
category#android.intent.category.LAUNCHER
ADDED from src\main\AndroidManifest.xml:59:17-77
	android:name
		ADDED from src\main\AndroidManifest.xml:59:27-74
activity#com.dyx.voice.activity.MainActivity
ADDED from src\main\AndroidManifest.xml:63:9-72:20
	android:theme
		ADDED from src\main\AndroidManifest.xml:65:13-61
	android:name
		ADDED from src\main\AndroidManifest.xml:64:13-50
intent-filter#action:name:android.hardware.usb.action.USB_DEVICE_ATTACHED
ADDED from src\main\AndroidManifest.xml:66:13-68:29
action#android.hardware.usb.action.USB_DEVICE_ATTACHED
ADDED from src\main\AndroidManifest.xml:67:17-90
	android:name
		ADDED from src\main\AndroidManifest.xml:67:25-87
meta-data#android.hardware.usb.action.USB_DEVICE_ATTACHED
ADDED from src\main\AndroidManifest.xml:69:13-71:63
	android:resource
		ADDED from src\main\AndroidManifest.xml:71:17-50
	android:name
		ADDED from src\main\AndroidManifest.xml:70:17-79
activity#com.dyx.voice.activity.MovieActivity
ADDED from src\main\AndroidManifest.xml:74:9-60
	android:name
		ADDED from src\main\AndroidManifest.xml:74:19-57
activity#com.dyx.voice.activity.MissileLauncherActivity
ADDED from src\main\AndroidManifest.xml:76:9-80:20
	android:name
		ADDED from src\main\AndroidManifest.xml:76:19-67
receiver#com.dyx.voice.receiver.BootBroadcastReceiver
ADDED from src\main\AndroidManifest.xml:82:9-90:20
	android:name
		ADDED from src\main\AndroidManifest.xml:82:19-65
intent-filter#action:name:android.intent.action.BOOT_COMPLETED+action:name:android.intent.action.TIME_TICK+action:name:com.dyx.voice.MainService+category:name:android.intent.category.HOME
ADDED from src\main\AndroidManifest.xml:83:13-89:29
action#android.intent.action.BOOT_COMPLETED
ADDED from src\main\AndroidManifest.xml:84:17-79
	android:name
		ADDED from src\main\AndroidManifest.xml:84:25-76
action#com.dyx.voice.MainService
ADDED from src\main\AndroidManifest.xml:85:17-68
	android:name
		ADDED from src\main\AndroidManifest.xml:85:25-65
action#android.intent.action.TIME_TICK
ADDED from src\main\AndroidManifest.xml:86:17-74
	android:name
		ADDED from src\main\AndroidManifest.xml:86:25-71
category#android.intent.category.HOME
ADDED from src\main\AndroidManifest.xml:88:17-73
	android:name
		ADDED from src\main\AndroidManifest.xml:88:27-70
service#com.baidu.speech.VoiceRecognitionService
ADDED from src\main\AndroidManifest.xml:92:9-94:40
	android:exported
		ADDED from src\main\AndroidManifest.xml:94:13-37
	android:name
		ADDED from src\main\AndroidManifest.xml:93:13-68
service#com.dyx.voice.service.MainService
ADDED from src\main\AndroidManifest.xml:96:9-103:19
	android:process
		ADDED from src\main\AndroidManifest.xml:99:13-38
	android:enabled
		ADDED from src\main\AndroidManifest.xml:98:13-35
	android:name
		ADDED from src\main\AndroidManifest.xml:97:13-48
intent-filter#action:name:com.dyx.voice.service.MainService
ADDED from src\main\AndroidManifest.xml:100:13-102:29
	android:priority
		ADDED from src\main\AndroidManifest.xml:100:28-51
action#com.dyx.voice.service.MainService
ADDED from src\main\AndroidManifest.xml:101:17-76
	android:name
		ADDED from src\main\AndroidManifest.xml:101:25-73
service#com.dyx.voice.service.ProtectService
ADDED from src\main\AndroidManifest.xml:105:9-112:19
	android:process
		ADDED from src\main\AndroidManifest.xml:108:13-38
	android:enabled
		ADDED from src\main\AndroidManifest.xml:107:13-35
	android:name
		ADDED from src\main\AndroidManifest.xml:106:13-51
intent-filter#action:name:com.dyx.voice.service.ProtectService
ADDED from src\main\AndroidManifest.xml:109:13-111:29
action#com.dyx.voice.service.ProtectService
ADDED from src\main\AndroidManifest.xml:110:17-79
	android:name
		ADDED from src\main\AndroidManifest.xml:110:25-76
uses-sdk
INJECTED from src\main\AndroidManifest.xml reason: use-sdk injection requested
INJECTED from src\main\AndroidManifest.xml
INJECTED from src\main\AndroidManifest.xml
MERGED from [com.android.support:appcompat-v7:27.0.2] AndroidManifest.xml:20:5-44
MERGED from [com.android.support:appcompat-v7:27.0.2] AndroidManifest.xml:20:5-44
MERGED from [:androidlua] AndroidManifest.xml:7:5-9:41
MERGED from [:androidlua] AndroidManifest.xml:7:5-9:41
MERGED from [com.android.support:support-fragment:27.0.2] AndroidManifest.xml:20:5-44
MERGED from [com.android.support:support-fragment:27.0.2] AndroidManifest.xml:20:5-44
MERGED from [com.android.support:support-core-utils:27.0.2] AndroidManifest.xml:20:5-44
MERGED from [com.android.support:support-core-utils:27.0.2] AndroidManifest.xml:20:5-44
MERGED from [com.android.support:animated-vector-drawable:27.0.2] AndroidManifest.xml:20:5-44
MERGED from [com.android.support:animated-vector-drawable:27.0.2] AndroidManifest.xml:20:5-44
MERGED from [com.android.support:support-vector-drawable:27.0.2] AndroidManifest.xml:20:5-44
MERGED from [com.android.support:support-vector-drawable:27.0.2] AndroidManifest.xml:20:5-44
MERGED from [com.android.support:support-core-ui:27.0.2] AndroidManifest.xml:20:5-44
MERGED from [com.android.support:support-core-ui:27.0.2] AndroidManifest.xml:20:5-44
MERGED from [com.android.support:support-compat:27.0.2] AndroidManifest.xml:20:5-44
MERGED from [com.android.support:support-compat:27.0.2] AndroidManifest.xml:20:5-44
MERGED from [android.arch.lifecycle:runtime:1.0.3] AndroidManifest.xml:20:5-22:41
MERGED from [android.arch.lifecycle:runtime:1.0.3] AndroidManifest.xml:20:5-22:41
INJECTED from src\main\AndroidManifest.xml
INJECTED from src\main\AndroidManifest.xml
	android:targetSdkVersion
		INJECTED from src\main\AndroidManifest.xml
		ADDED from src\main\AndroidManifest.xml
		INJECTED from src\main\AndroidManifest.xml
	android:minSdkVersion
		INJECTED from src\main\AndroidManifest.xml
		ADDED from src\main\AndroidManifest.xml
		INJECTED from src\main\AndroidManifest.xml